[  0%] Built target std_msgs_generate_messages_lisp
[  0%] Built target std_msgs_generate_messages_eus
[  0%] Built target rosgraph_msgs_generate_messages_eus
[  0%] Built target rosgraph_msgs_generate_messages_nodejs
[  0%] Built target roscpp_generate_messages_nodejs
[  0%] Built target roscpp_generate_messages_lisp
[  0%] Built target roscpp_generate_messages_cpp
[  0%] Built target roscpp_generate_messages_py
[  0%] Built target rosgraph_msgs_generate_messages_lisp
[  0%] Built target rosgraph_msgs_generate_messages_cpp
[  0%] Built target std_msgs_generate_messages_cpp
[  0%] Built target std_msgs_generate_messages_nodejs
[  0%] Built target std_msgs_generate_messages_py
[  0%] Built target rosgraph_msgs_generate_messages_py
[  0%] Built target roscpp_generate_messages_eus
[35m[1mScanning dependencies of target hero_chassis_controller[0m
[ 50%] [32mBuilding CXX object CMakeFiles/hero_chassis_controller.dir/src/hero_chassis_controller.cpp.o[0m
In file included from [01m[K/home/gura/final/src/hero_chassis_controller/src/hero_chassis_controller.cpp:2[m[K:
[01m[K/home/gura/final/src/hero_chassis_controller/include/hero_chassis_controller/hero_chassis_controller.h:45:3:[m[K [01;31m[Kerror: [m[K‘[01m[Knode_[m[K’ does not name a type; did you mean ‘[01m[Kmode_t[m[K’?
   45 |   [01;31m[Knode_[m[K.param("WHEEL_DIAMETER",WHEEL_DIAMETER,0.07625);
      |   [01;31m[K^~~~~[m[K
      |   [32m[Kmode_t[m[K
[01m[K/home/gura/final/src/hero_chassis_controller/include/hero_chassis_controller/hero_chassis_controller.h:46:3:[m[K [01;31m[Kerror: [m[K‘[01m[Knode_[m[K’ does not name a type; did you mean ‘[01m[Kmode_t[m[K’?
   46 |   [01;31m[Knode_[m[K.param("D_X",D_X,0.4);
      |   [01;31m[K^~~~~[m[K
      |   [32m[Kmode_t[m[K
[01m[K/home/gura/final/src/hero_chassis_controller/include/hero_chassis_controller/hero_chassis_controller.h:47:3:[m[K [01;31m[Kerror: [m[K‘[01m[Knode_[m[K’ does not name a type; did you mean ‘[01m[Kmode_t[m[K’?
   47 |   [01;31m[Knode_[m[K.param("D_Y",D_Y,0.4);
      |   [01;31m[K^~~~~[m[K
      |   [32m[Kmode_t[m[K
[01m[K/home/gura/final/src/hero_chassis_controller/include/hero_chassis_controller/hero_chassis_controller.h:48:3:[m[K [01;31m[Kerror: [m[K‘[01m[Knode_[m[K’ does not name a type; did you mean ‘[01m[Kmode_t[m[K’?
   48 |   [01;31m[Knode_[m[K.param("odomcontrol",odomcontrol,false);
      |   [01;31m[K^~~~~[m[K
      |   [32m[Kmode_t[m[K
make[2]: *** [CMakeFiles/hero_chassis_controller.dir/build.make:63：CMakeFiles/hero_chassis_controller.dir/src/hero_chassis_controller.cpp.o] 错误 1
make[1]: *** [CMakeFiles/Makefile2:279：CMakeFiles/hero_chassis_controller.dir/all] 错误 2
make: *** [Makefile:141：all] 错误 2
